<?xml version="1.0" encoding="UTF-8"?>
<coverage generated="1774299059">
  <project timestamp="1774299059">
    <file name="C:\xampp\htdocs\fs202496_mililitros\Plugins\MililitrosPersonalizacion\Lib\TPVneo\ProductList.php">
      <class name="FacturaScripts\Plugins\MililitrosPersonalizacion\Lib\TPVneo\ProductList" namespace="global">
        <metrics complexity="9" methods="1" coveredmethods="0" conditionals="0" coveredconditionals="0" statements="69" coveredstatements="0" elements="70" coveredelements="0"/>
      </class>
      <line num="12" type="method" name="productInfoModal" visibility="protected" complexity="9" crap="90" count="0"/>
      <line num="14" type="stmt" count="0"/>
      <line num="15" type="stmt" count="0"/>
      <line num="18" type="stmt" count="0"/>
      <line num="19" type="stmt" count="0"/>
      <line num="20" type="stmt" count="0"/>
      <line num="21" type="stmt" count="0"/>
      <line num="22" type="stmt" count="0"/>
      <line num="23" type="stmt" count="0"/>
      <line num="24" type="stmt" count="0"/>
      <line num="25" type="stmt" count="0"/>
      <line num="26" type="stmt" count="0"/>
      <line num="27" type="stmt" count="0"/>
      <line num="28" type="stmt" count="0"/>
      <line num="29" type="stmt" count="0"/>
      <line num="30" type="stmt" count="0"/>
      <line num="31" type="stmt" count="0"/>
      <line num="33" type="stmt" count="0"/>
      <line num="34" type="stmt" count="0"/>
      <line num="35" type="stmt" count="0"/>
      <line num="36" type="stmt" count="0"/>
      <line num="37" type="stmt" count="0"/>
      <line num="38" type="stmt" count="0"/>
      <line num="39" type="stmt" count="0"/>
      <line num="40" type="stmt" count="0"/>
      <line num="41" type="stmt" count="0"/>
      <line num="42" type="stmt" count="0"/>
      <line num="43" type="stmt" count="0"/>
      <line num="46" type="stmt" count="0"/>
      <line num="47" type="stmt" count="0"/>
      <line num="48" type="stmt" count="0"/>
      <line num="49" type="stmt" count="0"/>
      <line num="50" type="stmt" count="0"/>
      <line num="51" type="stmt" count="0"/>
      <line num="52" type="stmt" count="0"/>
      <line num="53" type="stmt" count="0"/>
      <line num="54" type="stmt" count="0"/>
      <line num="55" type="stmt" count="0"/>
      <line num="56" type="stmt" count="0"/>
      <line num="57" type="stmt" count="0"/>
      <line num="59" type="stmt" count="0"/>
      <line num="60" type="stmt" count="0"/>
      <line num="61" type="stmt" count="0"/>
      <line num="63" type="stmt" count="0"/>
      <line num="64" type="stmt" count="0"/>
      <line num="65" type="stmt" count="0"/>
      <line num="66" type="stmt" count="0"/>
      <line num="67" type="stmt" count="0"/>
      <line num="68" type="stmt" count="0"/>
      <line num="71" type="stmt" count="0"/>
      <line num="72" type="stmt" count="0"/>
      <line num="73" type="stmt" count="0"/>
      <line num="75" type="stmt" count="0"/>
      <line num="76" type="stmt" count="0"/>
      <line num="79" type="stmt" count="0"/>
      <line num="81" type="stmt" count="0"/>
      <line num="82" type="stmt" count="0"/>
      <line num="83" type="stmt" count="0"/>
      <line num="84" type="stmt" count="0"/>
      <line num="85" type="stmt" count="0"/>
      <line num="86" type="stmt" count="0"/>
      <line num="87" type="stmt" count="0"/>
      <line num="88" type="stmt" count="0"/>
      <line num="89" type="stmt" count="0"/>
      <line num="92" type="stmt" count="0"/>
      <line num="93" type="stmt" count="0"/>
      <line num="94" type="stmt" count="0"/>
      <line num="95" type="stmt" count="0"/>
      <line num="96" type="stmt" count="0"/>
      <line num="98" type="stmt" count="0"/>
      <metrics loc="100" ncloc="100" classes="1" methods="1" coveredmethods="0" conditionals="0" coveredconditionals="0" statements="69" coveredstatements="0" elements="70" coveredelements="0"/>
    </file>
    <file name="C:\xampp\htdocs\fs202496_mililitros\Plugins\MililitrosPersonalizacion\Lib\TPVneo\SaleForm.php">
      <class name="FacturaScripts\Plugins\MililitrosPersonalizacion\Lib\TPVneo\SaleForm" namespace="global">
        <metrics complexity="49" methods="6" coveredmethods="6" conditionals="0" coveredconditionals="0" statements="176" coveredstatements="176" elements="182" coveredelements="182"/>
      </class>
      <line num="18" type="method" name="apply" visibility="public" complexity="34" crap="34" count="15"/>
      <line num="20" type="stmt" count="15"/>
      <line num="21" type="stmt" count="15"/>
      <line num="22" type="stmt" count="15"/>
      <line num="24" type="stmt" count="15"/>
      <line num="25" type="stmt" count="15"/>
      <line num="26" type="stmt" count="15"/>
      <line num="27" type="stmt" count="15"/>
      <line num="30" type="stmt" count="15"/>
      <line num="31" type="stmt" count="15"/>
      <line num="32" type="stmt" count="14"/>
      <line num="33" type="stmt" count="1"/>
      <line num="36" type="stmt" count="14"/>
      <line num="37" type="stmt" count="1"/>
      <line num="40" type="stmt" count="14"/>
      <line num="41" type="stmt" count="2"/>
      <line num="42" type="stmt" count="12"/>
      <line num="44" type="stmt" count="14"/>
      <line num="45" type="stmt" count="14"/>
      <line num="46" type="stmt" count="14"/>
      <line num="47" type="stmt" count="14"/>
      <line num="48" type="stmt" count="14"/>
      <line num="54" type="stmt" count="14"/>
      <line num="55" type="stmt" count="14"/>
      <line num="56" type="stmt" count="2"/>
      <line num="58" type="stmt" count="13"/>
      <line num="62" type="stmt" count="14"/>
      <line num="63" type="stmt" count="7"/>
      <line num="65" type="stmt" count="7"/>
      <line num="66" type="stmt" count="2"/>
      <line num="74" type="stmt" count="7"/>
      <line num="75" type="stmt" count="1"/>
      <line num="79" type="stmt" count="7"/>
      <line num="80" type="stmt" count="6"/>
      <line num="81" type="stmt" count="6"/>
      <line num="83" type="stmt" count="1"/>
      <line num="87" type="stmt" count="14"/>
      <line num="91" type="stmt" count="15"/>
      <line num="92" type="stmt" count="15"/>
      <line num="93" type="stmt" count="3"/>
      <line num="94" type="stmt" count="3"/>
      <line num="95" type="stmt" count="3"/>
      <line num="96" type="stmt" count="1"/>
      <line num="102" type="stmt" count="2"/>
      <line num="103" type="stmt" count="2"/>
      <line num="104" type="stmt" count="2"/>
      <line num="105" type="stmt" count="1"/>
      <line num="106" type="stmt" count="1"/>
      <line num="114" type="stmt" count="2"/>
      <line num="115" type="stmt" count="2"/>
      <line num="116" type="stmt" count="2"/>
      <line num="117" type="stmt" count="2"/>
      <line num="118" type="stmt" count="2"/>
      <line num="119" type="stmt" count="2"/>
      <line num="120" type="stmt" count="2"/>
      <line num="121" type="stmt" count="2"/>
      <line num="123" type="stmt" count="12"/>
      <line num="127" type="stmt" count="2"/>
      <line num="128" type="stmt" count="2"/>
      <line num="129" type="stmt" count="2"/>
      <line num="130" type="stmt" count="1"/>
      <line num="131" type="stmt" count="1"/>
      <line num="139" type="stmt" count="1"/>
      <line num="140" type="stmt" count="1"/>
      <line num="141" type="stmt" count="1"/>
      <line num="142" type="stmt" count="1"/>
      <line num="143" type="stmt" count="1"/>
      <line num="144" type="stmt" count="1"/>
      <line num="145" type="stmt" count="1"/>
      <line num="146" type="stmt" count="1"/>
      <line num="147" type="stmt" count="10"/>
      <line num="148" type="stmt" count="1"/>
      <line num="149" type="stmt" count="1"/>
      <line num="150" type="stmt" count="1"/>
      <line num="151" type="stmt" count="1"/>
      <line num="152" type="stmt" count="1"/>
      <line num="153" type="stmt" count="1"/>
      <line num="154" type="stmt" count="1"/>
      <line num="155" type="stmt" count="1"/>
      <line num="156" type="stmt" count="1"/>
      <line num="157" type="stmt" count="1"/>
      <line num="160" type="stmt" count="15"/>
      <line num="161" type="stmt" count="15"/>
      <line num="164" type="stmt" count="15"/>
      <line num="165" type="stmt" count="15"/>
      <line num="166" type="stmt" count="15"/>
      <line num="167" type="stmt" count="1"/>
      <line num="168" type="stmt" count="1"/>
      <line num="169" type="stmt" count="1"/>
      <line num="173" type="method" name="dtopor1" visibility="public" complexity="1" crap="1" count="2"/>
      <line num="175" type="stmt" count="2"/>
      <line num="178" type="method" name="totalbeneficio" visibility="public" complexity="1" crap="1" count="1"/>
      <line num="180" type="stmt" count="1"/>
      <line num="183" type="method" name="getCliente" visibility="public" complexity="1" crap="1" count="2"/>
      <line num="185" type="stmt" count="2"/>
      <line num="188" type="method" name="render" visibility="public" complexity="2" crap="2" count="2"/>
      <line num="190" type="stmt" count="2"/>
      <line num="191" type="stmt" count="2"/>
      <line num="192" type="stmt" count="2"/>
      <line num="193" type="stmt" count="2"/>
      <line num="194" type="stmt" count="2"/>
      <line num="195" type="stmt" count="2"/>
      <line num="196" type="stmt" count="2"/>
      <line num="197" type="stmt" count="2"/>
      <line num="198" type="stmt" count="2"/>
      <line num="199" type="stmt" count="2"/>
      <line num="200" type="stmt" count="2"/>
      <line num="201" type="stmt" count="2"/>
      <line num="202" type="stmt" count="2"/>
      <line num="205" type="method" name="renderLines" visibility="protected" complexity="10" crap="10" count="2"/>
      <line num="207" type="stmt" count="2"/>
      <line num="208" type="stmt" count="2"/>
      <line num="209" type="stmt" count="2"/>
      <line num="210" type="stmt" count="2"/>
      <line num="212" type="stmt" count="2"/>
      <line num="214" type="stmt" count="2"/>
      <line num="215" type="stmt" count="1"/>
      <line num="218" type="stmt" count="2"/>
      <line num="219" type="stmt" count="2"/>
      <line num="220" type="stmt" count="2"/>
      <line num="222" type="stmt" count="2"/>
      <line num="223" type="stmt" count="2"/>
      <line num="224" type="stmt" count="2"/>
      <line num="225" type="stmt" count="2"/>
      <line num="226" type="stmt" count="2"/>
      <line num="227" type="stmt" count="2"/>
      <line num="228" type="stmt" count="2"/>
      <line num="229" type="stmt" count="2"/>
      <line num="230" type="stmt" count="2"/>
      <line num="231" type="stmt" count="2"/>
      <line num="232" type="stmt" count="2"/>
      <line num="233" type="stmt" count="2"/>
      <line num="235" type="stmt" count="2"/>
      <line num="236" type="stmt" count="1"/>
      <line num="237" type="stmt" count="1"/>
      <line num="238" type="stmt" count="1"/>
      <line num="239" type="stmt" count="1"/>
      <line num="243" type="stmt" count="2"/>
      <line num="244" type="stmt" count="2"/>
      <line num="246" type="stmt" count="2"/>
      <line num="247" type="stmt" count="1"/>
      <line num="250" type="stmt" count="2"/>
      <line num="251" type="stmt" count="2"/>
      <line num="252" type="stmt" count="2"/>
      <line num="253" type="stmt" count="2"/>
      <line num="254" type="stmt" count="2"/>
      <line num="255" type="stmt" count="2"/>
      <line num="256" type="stmt" count="2"/>
      <line num="258" type="stmt" count="2"/>
      <line num="259" type="stmt" count="2"/>
      <line num="260" type="stmt" count="2"/>
      <line num="261" type="stmt" count="2"/>
      <line num="263" type="stmt" count="2"/>
      <line num="264" type="stmt" count="2"/>
      <line num="265" type="stmt" count="2"/>
      <line num="266" type="stmt" count="2"/>
      <line num="267" type="stmt" count="2"/>
      <line num="268" type="stmt" count="2"/>
      <line num="269" type="stmt" count="2"/>
      <line num="270" type="stmt" count="2"/>
      <line num="271" type="stmt" count="2"/>
      <line num="272" type="stmt" count="2"/>
      <line num="274" type="stmt" count="2"/>
      <line num="275" type="stmt" count="1"/>
      <line num="276" type="stmt" count="1"/>
      <line num="277" type="stmt" count="1"/>
      <line num="278" type="stmt" count="1"/>
      <line num="280" type="stmt" count="1"/>
      <line num="281" type="stmt" count="1"/>
      <line num="284" type="stmt" count="2"/>
      <line num="286" type="stmt" count="2"/>
      <line num="287" type="stmt" count="1"/>
      <line num="288" type="stmt" count="1"/>
      <line num="289" type="stmt" count="1"/>
      <line num="290" type="stmt" count="1"/>
      <line num="293" type="stmt" count="2"/>
      <line num="294" type="stmt" count="2"/>
      <line num="295" type="stmt" count="2"/>
      <line num="296" type="stmt" count="2"/>
      <line num="297" type="stmt" count="2"/>
      <line num="299" type="stmt" count="2"/>
      <line num="302" type="stmt" count="2"/>
      <metrics loc="305" ncloc="279" classes="1" methods="6" coveredmethods="6" conditionals="0" coveredconditionals="0" statements="176" coveredstatements="176" elements="182" coveredelements="182"/>
    </file>
    <file name="C:\xampp\htdocs\fs202496_mililitros\Plugins\MililitrosPersonalizacion\Lib\TPVneo\VariantList.php">
      <class name="FacturaScripts\Plugins\MililitrosPersonalizacion\Lib\TPVneo\VariantList" namespace="global">
        <metrics complexity="26" methods="2" coveredmethods="0" conditionals="0" coveredconditionals="0" statements="156" coveredstatements="0" elements="158" coveredelements="0"/>
      </class>
      <line num="15" type="method" name="variantInfoModal" visibility="protected" complexity="19" crap="380" count="0"/>
      <line num="17" type="stmt" count="0"/>
      <line num="18" type="stmt" count="0"/>
      <line num="21" type="stmt" count="0"/>
      <line num="22" type="stmt" count="0"/>
      <line num="23" type="stmt" count="0"/>
      <line num="25" type="stmt" count="0"/>
      <line num="26" type="stmt" count="0"/>
      <line num="29" type="stmt" count="0"/>
      <line num="30" type="stmt" count="0"/>
      <line num="31" type="stmt" count="0"/>
      <line num="32" type="stmt" count="0"/>
      <line num="33" type="stmt" count="0"/>
      <line num="34" type="stmt" count="0"/>
      <line num="36" type="stmt" count="0"/>
      <line num="39" type="stmt" count="0"/>
      <line num="40" type="stmt" count="0"/>
      <line num="41" type="stmt" count="0"/>
      <line num="42" type="stmt" count="0"/>
      <line num="43" type="stmt" count="0"/>
      <line num="47" type="stmt" count="0"/>
      <line num="48" type="stmt" count="0"/>
      <line num="49" type="stmt" count="0"/>
      <line num="50" type="stmt" count="0"/>
      <line num="51" type="stmt" count="0"/>
      <line num="52" type="stmt" count="0"/>
      <line num="53" type="stmt" count="0"/>
      <line num="54" type="stmt" count="0"/>
      <line num="55" type="stmt" count="0"/>
      <line num="56" type="stmt" count="0"/>
      <line num="57" type="stmt" count="0"/>
      <line num="58" type="stmt" count="0"/>
      <line num="59" type="stmt" count="0"/>
      <line num="60" type="stmt" count="0"/>
      <line num="62" type="stmt" count="0"/>
      <line num="63" type="stmt" count="0"/>
      <line num="64" type="stmt" count="0"/>
      <line num="65" type="stmt" count="0"/>
      <line num="66" type="stmt" count="0"/>
      <line num="67" type="stmt" count="0"/>
      <line num="68" type="stmt" count="0"/>
      <line num="69" type="stmt" count="0"/>
      <line num="70" type="stmt" count="0"/>
      <line num="71" type="stmt" count="0"/>
      <line num="72" type="stmt" count="0"/>
      <line num="75" type="stmt" count="0"/>
      <line num="76" type="stmt" count="0"/>
      <line num="77" type="stmt" count="0"/>
      <line num="78" type="stmt" count="0"/>
      <line num="79" type="stmt" count="0"/>
      <line num="80" type="stmt" count="0"/>
      <line num="83" type="stmt" count="0"/>
      <line num="85" type="stmt" count="0"/>
      <line num="86" type="stmt" count="0"/>
      <line num="87" type="stmt" count="0"/>
      <line num="88" type="stmt" count="0"/>
      <line num="89" type="stmt" count="0"/>
      <line num="90" type="stmt" count="0"/>
      <line num="91" type="stmt" count="0"/>
      <line num="92" type="stmt" count="0"/>
      <line num="93" type="stmt" count="0"/>
      <line num="94" type="stmt" count="0"/>
      <line num="95" type="stmt" count="0"/>
      <line num="96" type="stmt" count="0"/>
      <line num="97" type="stmt" count="0"/>
      <line num="98" type="stmt" count="0"/>
      <line num="99" type="stmt" count="0"/>
      <line num="100" type="stmt" count="0"/>
      <line num="101" type="stmt" count="0"/>
      <line num="103" type="stmt" count="0"/>
      <line num="104" type="stmt" count="0"/>
      <line num="105" type="stmt" count="0"/>
      <line num="106" type="stmt" count="0"/>
      <line num="107" type="stmt" count="0"/>
      <line num="108" type="stmt" count="0"/>
      <line num="110" type="stmt" count="0"/>
      <line num="111" type="stmt" count="0"/>
      <line num="112" type="stmt" count="0"/>
      <line num="113" type="stmt" count="0"/>
      <line num="115" type="stmt" count="0"/>
      <line num="118" type="stmt" count="0"/>
      <line num="119" type="stmt" count="0"/>
      <line num="120" type="stmt" count="0"/>
      <line num="121" type="stmt" count="0"/>
      <line num="122" type="stmt" count="0"/>
      <line num="123" type="stmt" count="0"/>
      <line num="124" type="stmt" count="0"/>
      <line num="125" type="stmt" count="0"/>
      <line num="126" type="stmt" count="0"/>
      <line num="127" type="stmt" count="0"/>
      <line num="128" type="stmt" count="0"/>
      <line num="129" type="stmt" count="0"/>
      <line num="130" type="stmt" count="0"/>
      <line num="132" type="stmt" count="0"/>
      <line num="133" type="stmt" count="0"/>
      <line num="134" type="stmt" count="0"/>
      <line num="136" type="stmt" count="0"/>
      <line num="137" type="stmt" count="0"/>
      <line num="138" type="stmt" count="0"/>
      <line num="140" type="stmt" count="0"/>
      <line num="141" type="stmt" count="0"/>
      <line num="142" type="stmt" count="0"/>
      <line num="143" type="stmt" count="0"/>
      <line num="144" type="stmt" count="0"/>
      <line num="148" type="stmt" count="0"/>
      <line num="149" type="stmt" count="0"/>
      <line num="150" type="stmt" count="0"/>
      <line num="152" type="stmt" count="0"/>
      <line num="153" type="stmt" count="0"/>
      <line num="156" type="stmt" count="0"/>
      <line num="157" type="stmt" count="0"/>
      <line num="158" type="stmt" count="0"/>
      <line num="159" type="stmt" count="0"/>
      <line num="160" type="stmt" count="0"/>
      <line num="161" type="stmt" count="0"/>
      <line num="162" type="stmt" count="0"/>
      <line num="163" type="stmt" count="0"/>
      <line num="164" type="stmt" count="0"/>
      <line num="165" type="stmt" count="0"/>
      <line num="168" type="stmt" count="0"/>
      <line num="169" type="stmt" count="0"/>
      <line num="170" type="stmt" count="0"/>
      <line num="171" type="stmt" count="0"/>
      <line num="172" type="stmt" count="0"/>
      <line num="174" type="stmt" count="0"/>
      <line num="177" type="method" name="variantList" visibility="protected" complexity="7" crap="56" count="0"/>
      <line num="179" type="stmt" count="0"/>
      <line num="181" type="stmt" count="0"/>
      <line num="182" type="stmt" count="0"/>
      <line num="183" type="stmt" count="0"/>
      <line num="185" type="stmt" count="0"/>
      <line num="186" type="stmt" count="0"/>
      <line num="188" type="stmt" count="0"/>
      <line num="189" type="stmt" count="0"/>
      <line num="190" type="stmt" count="0"/>
      <line num="192" type="stmt" count="0"/>
      <line num="193" type="stmt" count="0"/>
      <line num="196" type="stmt" count="0"/>
      <line num="198" type="stmt" count="0"/>
      <line num="199" type="stmt" count="0"/>
      <line num="200" type="stmt" count="0"/>
      <line num="201" type="stmt" count="0"/>
      <line num="203" type="stmt" count="0"/>
      <line num="204" type="stmt" count="0"/>
      <line num="205" type="stmt" count="0"/>
      <line num="208" type="stmt" count="0"/>
      <line num="210" type="stmt" count="0"/>
      <line num="211" type="stmt" count="0"/>
      <line num="214" type="stmt" count="0"/>
      <line num="215" type="stmt" count="0"/>
      <line num="216" type="stmt" count="0"/>
      <line num="217" type="stmt" count="0"/>
      <line num="218" type="stmt" count="0"/>
      <line num="219" type="stmt" count="0"/>
      <line num="220" type="stmt" count="0"/>
      <line num="221" type="stmt" count="0"/>
      <line num="222" type="stmt" count="0"/>
      <line num="225" type="stmt" count="0"/>
      <metrics loc="227" ncloc="227" classes="1" methods="2" coveredmethods="0" conditionals="0" coveredconditionals="0" statements="156" coveredstatements="0" elements="158" coveredelements="0"/>
    </file>
    <metrics files="3" loc="632" ncloc="606" classes="3" methods="9" coveredmethods="6" conditionals="0" coveredconditionals="0" statements="401" coveredstatements="176" elements="410" coveredelements="182"/>
  </project>
</coverage>
